*** Using Compiler 'V6.21', folder: 'F:\APP\Keil5.39\ARM\ARMCLANG\Bin'
Build target 'stm32f103'
compiling stm32f1xx_hal_msp.c...
compiling main.c...
compiling stm32f1xx_it.c...
compiling gpio.c...
compiling usart.c...
compiling rtc.c...
compiling tim.c...
compiling spi.c...
compiling stm32f1xx_hal_gpio_ex.c...
compiling stm32f1xx_hal.c...
compiling stm32f1xx_hal_gpio.c...
compiling stm32f1xx_hal_rcc_ex.c...
compiling stm32f1xx_hal_rtc_ex.c...
compiling stm32f1xx_hal_rcc.c...
compiling stm32f1xx_hal_dma.c...
compiling stm32f1xx_hal_rtc.c...
compiling stm32f1xx_hal_cortex.c...
compiling stm32f1xx_hal_pwr.c...
compiling stm32f1xx_hal_exti.c...
compiling stm32f1xx_hal_flash.c...
compiling stm32f1xx_hal_flash_ex.c...
compiling system_stm32f1xx.c...
compiling DEV_Config.c...
compiling font8.c...
compiling stm32f1xx_hal_tim_ex.c...
compiling font12.c...
compiling stm32f1xx_hal_spi.c...
../LCD_ST7789/font12CN.c(50): warning: illegal character encoding in string literal [-Winvalid-source-encoding]
   50 | {{"<C4><E3>"},{
      |    ^~~~~~~~
../LCD_ST7789/font12CN.c(57): warning: illegal character encoding in string literal [-Winvalid-source-encoding]
   57 | {{"<BA><C3>"},{
      |    ^~~~~~~~
../LCD_ST7789/font12CN.c(64): warning: illegal character encoding in string literal [-Winvalid-source-encoding]
   64 | {{"<CA><F7>"},{
      |    ^~~~~~~~
../LCD_ST7789/font12CN.c(78): warning: illegal character encoding in string literal [-Winvalid-source-encoding]
   78 | {{"<C5><C9>"},{
      |    ^~~~~~~~
4 warnings generated.
compiling font12CN.c...
compiling stm32f1xx_hal_uart.c...
compiling font16.c...
compiling font20.c...
../LCD_ST7789/font24CN.c(50): warning: illegal character encoding in string literal [-Winvalid-source-encoding]
   50 | {{"<C4><E3>"},{
      |    ^~~~~~~~
../LCD_ST7789/font24CN.c(65): warning: illegal character encoding in string literal [-Winvalid-source-encoding]
   65 | {{"<BA><C3>"},{
      |    ^~~~~~~~
../LCD_ST7789/font24CN.c(95): warning: illegal character encoding in string literal [-Winvalid-source-encoding]
   95 | {{"<C8><ED>"},{
      |    ^~~~~~~~
../LCD_ST7789/font24CN.c(110): warning: illegal character encoding in string literal [-Winvalid-source-encoding]
  110 | {{"<D1><C5>"},{
      |    ^~~~~~~~
../LCD_ST7789/font24CN.c(125): warning: illegal character encoding in string literal [-Winvalid-source-encoding]
  125 | {{"<BA><DA>"},{
      |    ^~~~~~~~
../LCD_ST7789/font24CN.c(140): warning: illegal character encoding in string literal [-Winvalid-source-encoding]
  140 | {{"<B4><CB>"},{
      |    ^~~~~~~~
../LCD_ST7789/font24CN.c(155): warning: illegal character encoding in string literal [-Winvalid-source-encoding]
  155 | {{"<D7><D6>"},{
      |    ^~~~~~~~
../LCD_ST7789/font24CN.c(170): warning: illegal character encoding in string literal [-Winvalid-source-encoding]
  170 | {{"<CC><E5>"},{
      |    ^~~~~~~~
../LCD_ST7789/font24CN.c(185): warning: illegal character encoding in string literal [-Winvalid-source-encoding]
  185 | {{"<CF><C2>"},{
      |    ^~~~~~~~
../LCD_ST7789/font24CN.c(200): warning: illegal character encoding in string literal [-Winvalid-source-encoding]
  200 | {{"<B6><D4>"},{
      |    ^~~~~~~~
../LCD_ST7789/font24CN.c(230): warning: illegal character encoding in string literal [-Winvalid-source-encoding]
  230 | {{"<B5><C4>"},{
      |    ^~~~~~~~
../LCD_ST7789/font24CN.c(245): warning: illegal character encoding in string literal [-Winvalid-source-encoding]
  245 | {{"<B5><E3>"},{
      |    ^~~~~~~~
../LCD_ST7789/font24CN.c(260): warning: illegal character encoding in string literal [-Winvalid-source-encoding]
  260 | {{"<D5><F3>"},{
      |    ^~~~~~~~
../LCD_ST7789/font24CN.c(290): warning: illegal character encoding in string literal [-Winvalid-source-encoding]
  290 | {{"<CA><F7>"},{
      |    ^~~~~~~~
../LCD_ST7789/font24CN.c(320): warning: illegal character encoding in string literal [-Winvalid-source-encoding]
  320 | {{"<C5><C9>"},{
      |    ^~~~~~~~
../LCD_ST7789/font24CN.c(426): warning: illegal character encoding in string literal [-Winvalid-source-encoding]
  426 | {{"<B5><E7>"},{
      |    ^~~~~~~~
../LCD_ST7789/font24CN.c(441): warning: illegal character encoding in string literal [-Winvalid-source-encoding]
  441 | {{"<D7><D3>"},{
      |    ^~~~~~~~
17 warnings generated.
compiling font24CN.c...
compiling font24.c...
compiling image.c...
compiling LCD_ST7789.c...
compiling stm32f1xx_hal_tim.c...
../LCD_ST7789/LCD_1inch69_test.c(35): warning: illegal character encoding in string literal [-Winvalid-source-encoding]
   35 |     Paint_DrawString_CN(30, 130, "<U+03A2>ѩ<B5><E7><D7><D3>", &Font24CN, WHITE, BLUE);
      |                                            ^~~~~~~~~~~~~~~~
../LCD_ST7789/LCD_1inch69_test.c(70): warning: illegal character encoding in string literal [-Winvalid-source-encoding]
   70 |     Paint_DrawString_CN(30, 130, "<U+03A2>ѩ<B5><E7><D7><D3>", &Font24CN, WHITE, BLUE);
      |                                            ^~~~~~~~~~~~~~~~
2 warnings generated.
compiling LCD_1inch69_test.c...
compiling LCD_1in69.c...
compiling GUI_Paint.c...
linking...
Program Size: Code=27264 RO-data=20552 RW-data=52 ZI-data=2188  
FromELF: creating hex file...
"stm32f103\stm32f103.axf" - 0 Error(s), 23 Warning(s).
Build Time Elapsed:  00:00:03
